Command line:
   interpolador_funcao_tanh_isim_beh.exe
     -simmode  gui
     -simrunnum  1
     -socket  39157

Tue Nov 14 23:53:38 2017


 Elaboration Time: 0.54 sec

 Current Memory Usage: 208.83 Meg

 Total Signals          : 5
 Total Nets             : 162
 Total Signal Drivers   : 4
 Total Blocks           : 7
 Total Primitive Blocks : 7
 Total Processes        : 4
 Total Traceable Variables  : 57
 Total Scalar Nets and Variables : 3423
Total Line Count : 4

 Total Simulation Time: 0.6 sec

 Current Memory Usage: 284.332 Meg

Tue Nov 14 23:55:17 2017

