Command line:
   act_func_isim_beh.exe
     -simmode  gui
     -simrunnum  0
     -socket  53047

Fri Dec  1 15:00:32 2017


 Elaboration Time: 0.5 sec

 Current Memory Usage: 208.835 Meg

 Total Signals          : 5
 Total Nets             : 162
 Total Signal Drivers   : 4
 Total Blocks           : 8
 Total Primitive Blocks : 8
 Total Processes        : 4
 Total Traceable Variables  : 60
 Total Scalar Nets and Variables : 3426
Total Line Count : 4

 Total Simulation Time: 0.5 sec

 Current Memory Usage: 284.336 Meg

Fri Dec  1 15:00:38 2017

