Command line:
   neuron_tb_isim_beh.exe
     -simmode  gui
     -simrunnum  0
     -socket  44683

Sun Nov 19 11:12:18 2017


 Elaboration Time: 0.59 sec

 Current Memory Usage: 208.83 Meg

 Total Signals          : 37
 Total Nets             : 562
 Total Signal Drivers   : 23
 Total Blocks           : 10
 Total Primitive Blocks : 8
 Total Processes        : 15
 Total Traceable Variables  : 61
 Total Scalar Nets and Variables : 1781
Total Line Count : 47

 Total Simulation Time: 0.61 sec

 Current Memory Usage: 284.332 Meg

Sun Nov 19 11:12:44 2017

