Command line:
   neuron_tb_isim_beh.exe
     -simmode  gui
     -simrunnum  0
     -socket  54387

Tue Dec 12 13:58:41 2017


 Elaboration Time: 0.04 sec

 Current Memory Usage: 197.1 Meg

 Total Signals          : 32
 Total Nets             : 625
 Total Signal Drivers   : 21
 Total Blocks           : 10
 Total Primitive Blocks : 8
 Total Processes        : 16
 Total Traceable Variables  : 63
 Total Scalar Nets and Variables : 3892
Total Line Count : 35

 Total Simulation Time: 0.06 sec

 Current Memory Usage: 272.601 Meg

Tue Dec 12 13:58:45 2017

