# Synopsys Constraint Checker, version maplat, Build 1612R, built Dec  5 2016
# Copyright (C) 1994-2016 Synopsys, Inc. All rights reserved. This Synopsys software and all associated documentation are proprietary to Synopsys, Inc. and may only be used pursuant to the terms and conditions of a written license agreement with Synopsys, Inc. All other use, reproduction, modification, or distribution of the Synopsys software or the associated documentation is strictly prohibited.

# Written on Tue Dec 12 13:19:59 2017


##### DESIGN INFO #######################################################

Top View:                "network"
Constraint File(s):      (none)




##### SUMMARY ############################################################

Found 0 issues in 0 out of 0 constraints


##### DETAILS ############################################################



Clock Relationships
*******************

Starting                                    Ending                                      |     rise to rise     |     fall to fall     |     rise to fall     |     fall to rise                     
---------------------------------------------------------------------------------------------------------------------------------------------------------------------------------------------------
network|clk                                 network|clk                                 |     1000.000         |     No paths         |     No paths         |     No paths                         
network|clk                                 neuron_2|current_state_derived_clock[3]     |     1000.000         |     No paths         |     No paths         |     No paths                         
network|clk                                 neuron_2|current_state_derived_clock[1]     |     1000.000         |     No paths         |     No paths         |     No paths                         
network|clk                                 neuron_1|current_state_derived_clock[3]     |     1000.000         |     No paths         |     No paths         |     No paths                         
network|clk                                 neuron_1|current_state_derived_clock[1]     |     1000.000         |     No paths         |     No paths         |     No paths                         
network|clk                                 neuron_0|current_state_derived_clock[3]     |     1000.000         |     No paths         |     No paths         |     No paths                         
network|clk                                 neuron_0|current_state_derived_clock[1]     |     1000.000         |     No paths         |     No paths         |     No paths                         
neuron_2|current_state_derived_clock[3]     neuron_2|current_state_derived_clock[3]     |     No paths         |     No paths         |     No paths         |     500.000                          
neuron_2|current_state_derived_clock[3]     neuron_2|current_state_derived_clock[1]     |     No paths         |     No paths         |     No paths         |     500.000                          
neuron_2|current_state_derived_clock[3]     neuron_0|current_state_derived_clock[3]     |     No paths         |     No paths         |     No paths         |     500.000                          
neuron_2|current_state_derived_clock[1]     network|clk                                 |     No paths         |     No paths         |     No paths         |     500.000                          
neuron_2|current_state_derived_clock[1]     neuron_2|current_state_derived_clock[3]     |     No paths         |     No paths         |     No paths         |     500.000                          
neuron_2|current_state_derived_clock[1]     neuron_2|current_state_derived_clock[1]     |     No paths         |     No paths         |     No paths         |     500.000                          
neuron_2|current_state_derived_clock[1]     neuron_0|current_state_derived_clock[3]     |     No paths         |     No paths         |     No paths         |     500.000                          
neuron_1|current_state_derived_clock[3]     neuron_1|current_state_derived_clock[3]     |     No paths         |     No paths         |     No paths         |     500.000                          
neuron_1|current_state_derived_clock[3]     neuron_1|current_state_derived_clock[1]     |     No paths         |     No paths         |     No paths         |     500.000                          
neuron_1|current_state_derived_clock[3]     neuron_0|current_state_derived_clock[3]     |     No paths         |     No paths         |     No paths         |     500.000                          
neuron_1|current_state_derived_clock[1]     network|clk                                 |     No paths         |     No paths         |     No paths         |     500.000                          
neuron_1|current_state_derived_clock[1]     neuron_1|current_state_derived_clock[3]     |     No paths         |     No paths         |     No paths         |     500.000                          
neuron_1|current_state_derived_clock[1]     neuron_1|current_state_derived_clock[1]     |     No paths         |     No paths         |     No paths         |     500.000                          
neuron_1|current_state_derived_clock[1]     neuron_0|current_state_derived_clock[3]     |     No paths         |     No paths         |     No paths         |     500.000                          
neuron_0|current_state_derived_clock[3]     neuron_0|current_state_derived_clock[3]     |     No paths         |     No paths         |     No paths         |     500.000                          
neuron_0|current_state_derived_clock[3]     neuron_0|current_state_derived_clock[1]     |     No paths         |     No paths         |     No paths         |     500.000                          
neuron_0|current_state_derived_clock[1]     network|clk                                 |     No paths         |     No paths         |     No paths         |     500.000                          
neuron_0|current_state_derived_clock[1]     neuron_0|current_state_derived_clock[3]     |     No paths         |     No paths         |     No paths         |     500.000                          
neuron_0|current_state_derived_clock[1]     neuron_0|current_state_derived_clock[1]     |     No paths         |     No paths         |     No paths         |     500.000                          
===================================================================================================================================================================================================
 Note: 'No paths' indicates there are no paths in the design for that pair of clock edges.
       'Diff grp' indicates that paths exist but the starting clock and ending clock are in different clock groups.


Unconstrained Start/End Points
******************************

p:done_o
p:input_i[0]
p:input_i[1]
p:input_i[2]
p:input_i[3]
p:input_i[4]
p:input_i[5]
p:input_i[6]
p:input_i[7]
p:input_i[8]
p:input_i[9]
p:input_i[10]
p:input_i[11]
p:input_i[12]
p:input_i[13]
p:input_i[14]
p:input_i[15]
p:input_i[16]
p:input_i[17]
p:input_i[18]
p:input_i[19]
p:input_i[20]
p:input_i[21]
p:input_i[22]
p:input_i[23]
p:input_i[24]
p:input_i[25]
p:input_i[26]
p:input_i[27]
p:input_i[28]
p:input_i[29]
p:input_i[30]
p:input_i[31]
p:input_i[32]
p:input_i[33]
p:input_i[34]
p:input_i[35]
p:input_i[36]
p:input_i[37]
p:input_i[38]
p:input_i[39]
p:input_i[40]
p:input_i[41]
p:input_i[42]
p:input_i[43]
p:input_i[44]
p:input_i[45]
p:input_i[46]
p:input_i[47]
p:input_i[48]
p:input_i[49]
p:input_i[50]
p:input_i[51]
p:input_i[52]
p:input_i[53]
p:input_i[54]
p:input_i[55]
p:input_i[56]
p:input_i[57]
p:input_i[58]
p:input_i[59]
p:input_i[60]
p:input_i[61]
p:input_i[62]
p:input_i[63]
p:output_o[0]
p:output_o[1]
p:output_o[2]
p:output_o[3]
p:output_o[4]
p:output_o[5]
p:output_o[6]
p:output_o[7]
p:output_o[8]
p:output_o[9]
p:output_o[10]
p:output_o[11]
p:output_o[12]
p:output_o[13]
p:output_o[14]
p:output_o[15]
p:output_o[16]
p:output_o[17]
p:output_o[18]
p:output_o[19]
p:output_o[20]
p:output_o[21]
p:output_o[22]
p:output_o[23]
p:output_o[24]
p:output_o[25]
p:output_o[26]
p:output_o[27]
p:output_o[28]
p:output_o[29]
p:output_o[30]
p:output_o[31]
p:rst
p:start_i


Inapplicable constraints
************************

(none)


Applicable constraints with issues
**********************************

(none)


Constraints with matching wildcard expressions
**********************************************

(none)


Library Report
**************


# End of Constraint Checker Report
