Running: /home/gabriel/.Xilinx/14.7/ISE_DS/ISE/bin/lin64/unwrapped/fuse -intstyle ise -incremental -lib secureip -o /home/gabriel/ann-vhdl/src/neuron_tb_isim_beh.exe -prj /home/gabriel/ann-vhdl/src/neuron_tb_beh.prj work.neuron_tb 
ISim P.20131013 (signature 0xfbc00daa)
Number of CPUs detected in this system: 4
Turning on mult-threading, number of parallel sub-compilation jobs: 8 
Determining compilation order of HDL files
Parsing VHDL file "/home/gabriel/ann-vhdl/src/types.vhd" into library work
Parsing VHDL file "/home/gabriel/ann-vhdl/src/act_func.vhd" into library work
Parsing VHDL file "/home/gabriel/ann-vhdl/src/neuron.vhd" into library work
Parsing VHDL file "/home/gabriel/ann-vhdl/src/neuron_tb.vhd" into library work
Starting static elaboration
Completed static elaboration
Fuse Memory Usage: 100852 KB
Fuse CPU Usage: 2680 ms
Compiling package standard
Compiling package std_logic_1164
Compiling package numeric_std
Compiling package textio
Compiling package fixed_float_types
Compiling package math_real
Compiling package fixed_pkg
Compiling package types
Compiling architecture threshold of entity act_func [act_func_default]
Compiling architecture behavioral of entity neuron [\neuron(2)\]
Compiling architecture tb of entity neuron_tb
Time Resolution for simulation is 1ps.
Compiled 13 VHDL Units
Built simulation executable /home/gabriel/ann-vhdl/src/neuron_tb_isim_beh.exe
Fuse Memory Usage: 697036 KB
Fuse CPU Usage: 3380 ms
GCC CPU Usage: 840 ms
