---------------------------------------
Resource Usage Report for network 

Mapping to part: ice40hx1ktq144
Cell usage:
GND             6 uses
SB_CARRY        887 uses
SB_DFFR         12 uses
SB_DFFS         9 uses
VCC             6 uses
SB_LUT4         10136 uses

I/O ports: 100
I/O primitives: 100
SB_GB_IO       2 uses
SB_IO          98 uses

I/O Register bits:                  0
Register bits not including I/Os:   21 (1%)

@S |Mapping Summary:
Total  LUTs: 10136 (791%)

Distribution of All Consumed LUTs = LUT4 
Distribution of All Consumed Luts 10136 = 10136 

